Determining if the Q_WS_WIN exist failed with the following output:
Change Dir: /home/ubuntu/projects/gr-myBlocks/build/CMakeFiles/CMakeTmp

Run Build Command:/usr/bin/make "cmTryCompileExec3353919644/fast"
/usr/bin/make -f CMakeFiles/cmTryCompileExec3353919644.dir/build.make CMakeFiles/cmTryCompileExec3353919644.dir/build
make[1]: Entering directory `/home/ubuntu/projects/gr-myBlocks/build/CMakeFiles/CMakeTmp'
/usr/bin/cmake -E cmake_progress_report /home/ubuntu/projects/gr-myBlocks/build/CMakeFiles/CMakeTmp/CMakeFiles 1
Building CXX object CMakeFiles/cmTryCompileExec3353919644.dir/CheckSymbolExists.cxx.o
/usr/bin/c++    -I/usr/include/qt4    -o CMakeFiles/cmTryCompileExec3353919644.dir/CheckSymbolExists.cxx.o -c /home/ubuntu/projects/gr-myBlocks/build/CMakeFiles/CMakeTmp/CheckSymbolExists.cxx
/home/ubuntu/projects/gr-myBlocks/build/CMakeFiles/CMakeTmp/CheckSymbolExists.cxx: In function ‘int main(int, char**)’:
/home/ubuntu/projects/gr-myBlocks/build/CMakeFiles/CMakeTmp/CheckSymbolExists.cxx:8:19: error: ‘Q_WS_WIN’ was not declared in this scope
   return ((int*)(&Q_WS_WIN))[argc];
                   ^
make[1]: Leaving directory `/home/ubuntu/projects/gr-myBlocks/build/CMakeFiles/CMakeTmp'
make[1]: *** [CMakeFiles/cmTryCompileExec3353919644.dir/CheckSymbolExists.cxx.o] Error 1
make: *** [cmTryCompileExec3353919644/fast] Error 2

File /home/ubuntu/projects/gr-myBlocks/build/CMakeFiles/CMakeTmp/CheckSymbolExists.cxx:
/* */
#include <QtCore/qglobal.h>

int main(int argc, char** argv)
{
  (void)argv;
#ifndef Q_WS_WIN
  return ((int*)(&Q_WS_WIN))[argc];
#else
  (void)argc;
  return 0;
#endif
}

Determining if the Q_WS_QWS exist failed with the following output:
Change Dir: /home/ubuntu/projects/gr-myBlocks/build/CMakeFiles/CMakeTmp

Run Build Command:/usr/bin/make "cmTryCompileExec2142600728/fast"
/usr/bin/make -f CMakeFiles/cmTryCompileExec2142600728.dir/build.make CMakeFiles/cmTryCompileExec2142600728.dir/build
make[1]: Entering directory `/home/ubuntu/projects/gr-myBlocks/build/CMakeFiles/CMakeTmp'
/usr/bin/cmake -E cmake_progress_report /home/ubuntu/projects/gr-myBlocks/build/CMakeFiles/CMakeTmp/CMakeFiles 1
Building CXX object CMakeFiles/cmTryCompileExec2142600728.dir/CheckSymbolExists.cxx.o
/usr/bin/c++    -I/usr/include/qt4    -o CMakeFiles/cmTryCompileExec2142600728.dir/CheckSymbolExists.cxx.o -c /home/ubuntu/projects/gr-myBlocks/build/CMakeFiles/CMakeTmp/CheckSymbolExists.cxx
/home/ubuntu/projects/gr-myBlocks/build/CMakeFiles/CMakeTmp/CheckSymbolExists.cxx: In function ‘int main(int, char**)’:
/home/ubuntu/projects/gr-myBlocks/build/CMakeFiles/CMakeTmp/CheckSymbolExists.cxx:8:19: error: ‘Q_WS_QWS’ was not declared in this scope
   return ((int*)(&Q_WS_QWS))[argc];
                   ^
make[1]: *** [CMakeFiles/cmTryCompileExec2142600728.dir/CheckSymbolExists.cxx.o] Error 1
make[1]: Leaving directory `/home/ubuntu/projects/gr-myBlocks/build/CMakeFiles/CMakeTmp'
make: *** [cmTryCompileExec2142600728/fast] Error 2

File /home/ubuntu/projects/gr-myBlocks/build/CMakeFiles/CMakeTmp/CheckSymbolExists.cxx:
/* */
#include <QtCore/qglobal.h>

int main(int argc, char** argv)
{
  (void)argv;
#ifndef Q_WS_QWS
  return ((int*)(&Q_WS_QWS))[argc];
#else
  (void)argc;
  return 0;
#endif
}

Determining if the Q_WS_MAC exist failed with the following output:
Change Dir: /home/ubuntu/projects/gr-myBlocks/build/CMakeFiles/CMakeTmp

Run Build Command:/usr/bin/make "cmTryCompileExec2691427319/fast"
/usr/bin/make -f CMakeFiles/cmTryCompileExec2691427319.dir/build.make CMakeFiles/cmTryCompileExec2691427319.dir/build
make[1]: Entering directory `/home/ubuntu/projects/gr-myBlocks/build/CMakeFiles/CMakeTmp'
/usr/bin/cmake -E cmake_progress_report /home/ubuntu/projects/gr-myBlocks/build/CMakeFiles/CMakeTmp/CMakeFiles 1
Building CXX object CMakeFiles/cmTryCompileExec2691427319.dir/CheckSymbolExists.cxx.o
/usr/bin/c++    -I/usr/include/qt4    -o CMakeFiles/cmTryCompileExec2691427319.dir/CheckSymbolExists.cxx.o -c /home/ubuntu/projects/gr-myBlocks/build/CMakeFiles/CMakeTmp/CheckSymbolExists.cxx
/home/ubuntu/projects/gr-myBlocks/build/CMakeFiles/CMakeTmp/CheckSymbolExists.cxx: In function ‘int main(int, char**)’:
/home/ubuntu/projects/gr-myBlocks/build/CMakeFiles/CMakeTmp/CheckSymbolExists.cxx:8:19: error: ‘Q_WS_MAC’ was not declared in this scope
   return ((int*)(&Q_WS_MAC))[argc];
                   ^
make[1]: *** [CMakeFiles/cmTryCompileExec2691427319.dir/CheckSymbolExists.cxx.o] Error 1
make[1]: Leaving directory `/home/ubuntu/projects/gr-myBlocks/build/CMakeFiles/CMakeTmp'
make: *** [cmTryCompileExec2691427319/fast] Error 2

File /home/ubuntu/projects/gr-myBlocks/build/CMakeFiles/CMakeTmp/CheckSymbolExists.cxx:
/* */
#include <QtCore/qglobal.h>

int main(int argc, char** argv)
{
  (void)argv;
#ifndef Q_WS_MAC
  return ((int*)(&Q_WS_MAC))[argc];
#else
  (void)argc;
  return 0;
#endif
}

Determining if the pthread_create exist failed with the following output:
Change Dir: /home/ubuntu/projects/gr-myBlocks/build/CMakeFiles/CMakeTmp

Run Build Command:/usr/bin/make "cmTryCompileExec2196637397/fast"
/usr/bin/make -f CMakeFiles/cmTryCompileExec2196637397.dir/build.make CMakeFiles/cmTryCompileExec2196637397.dir/build
make[1]: Entering directory `/home/ubuntu/projects/gr-myBlocks/build/CMakeFiles/CMakeTmp'
/usr/bin/cmake -E cmake_progress_report /home/ubuntu/projects/gr-myBlocks/build/CMakeFiles/CMakeTmp/CMakeFiles 1
Building C object CMakeFiles/cmTryCompileExec2196637397.dir/CheckSymbolExists.c.o
/usr/bin/cc    -o CMakeFiles/cmTryCompileExec2196637397.dir/CheckSymbolExists.c.o   -c /home/ubuntu/projects/gr-myBlocks/build/CMakeFiles/CMakeTmp/CheckSymbolExists.c
Linking C executable cmTryCompileExec2196637397
/usr/bin/cmake -E cmake_link_script CMakeFiles/cmTryCompileExec2196637397.dir/link.txt --verbose=1
/usr/bin/cc       CMakeFiles/cmTryCompileExec2196637397.dir/CheckSymbolExists.c.o  -o cmTryCompileExec2196637397 -rdynamic 
CMakeFiles/cmTryCompileExec2196637397.dir/CheckSymbolExists.c.o: In function `main':
CheckSymbolExists.c:(.text+0x16): undefined reference to `pthread_create'
collect2: error: ld returned 1 exit status
make[1]: *** [cmTryCompileExec2196637397] Error 1
make[1]: Leaving directory `/home/ubuntu/projects/gr-myBlocks/build/CMakeFiles/CMakeTmp'
make: *** [cmTryCompileExec2196637397/fast] Error 2

File /home/ubuntu/projects/gr-myBlocks/build/CMakeFiles/CMakeTmp/CheckSymbolExists.c:
/* */
#include <pthread.h>

int main(int argc, char** argv)
{
  (void)argv;
#ifndef pthread_create
  return ((int*)(&pthread_create))[argc];
#else
  (void)argc;
  return 0;
#endif
}

Determining if the function pthread_create exists in the pthreads failed with the following output:
Change Dir: /home/ubuntu/projects/gr-myBlocks/build/CMakeFiles/CMakeTmp

Run Build Command:/usr/bin/make "cmTryCompileExec677023368/fast"
/usr/bin/make -f CMakeFiles/cmTryCompileExec677023368.dir/build.make CMakeFiles/cmTryCompileExec677023368.dir/build
make[1]: Entering directory `/home/ubuntu/projects/gr-myBlocks/build/CMakeFiles/CMakeTmp'
/usr/bin/cmake -E cmake_progress_report /home/ubuntu/projects/gr-myBlocks/build/CMakeFiles/CMakeTmp/CMakeFiles 1
Building C object CMakeFiles/cmTryCompileExec677023368.dir/CheckFunctionExists.c.o
/usr/bin/cc   -DCHECK_FUNCTION_EXISTS=pthread_create   -o CMakeFiles/cmTryCompileExec677023368.dir/CheckFunctionExists.c.o   -c /usr/share/cmake-2.8/Modules/CheckFunctionExists.c
Linking C executable cmTryCompileExec677023368
/usr/bin/cmake -E cmake_link_script CMakeFiles/cmTryCompileExec677023368.dir/link.txt --verbose=1
/usr/bin/cc   -DCHECK_FUNCTION_EXISTS=pthread_create    CMakeFiles/cmTryCompileExec677023368.dir/CheckFunctionExists.c.o  -o cmTryCompileExec677023368 -rdynamic -lpthreads 
/usr/bin/ld: cannot find -lpthreads
collect2: error: ld returned 1 exit status
make[1]: *** [cmTryCompileExec677023368] Error 1
make[1]: Leaving directory `/home/ubuntu/projects/gr-myBlocks/build/CMakeFiles/CMakeTmp'
make: *** [cmTryCompileExec677023368/fast] Error 2


